<?xml version="1.0" encoding="UTF-8"?>
<robot generator="Robot 4.1.1 (Python 3.10.5 on win32)" generated="20220727 23:58:12.403" rpa="false" schemaversion="2">
<suite id="s1" name="Login" source="c:\robocamp\ze-palheta\login.robot">
<test id="s1-t1" name="Login do Administrador">
<kw name="Acesso a página Login">
<kw name="Open Browser" library="SeleniumLibrary">
<arg>http://zepalheta-web:3000/</arg>
<arg>chrome</arg>
<doc>Opens a new browser instance to the optional ``url``.</doc>
<msg timestamp="20220727 23:58:12.574" level="INFO">Opening browser 'chrome' to base url 'http://zepalheta-web:3000/'.</msg>
<status status="PASS" starttime="20220727 23:58:12.573" endtime="20220727 23:58:14.488"/>
</kw>
<kw name="Maximize Browser Window" library="SeleniumLibrary">
<doc>Maximizes current browser window.</doc>
<status status="PASS" starttime="20220727 23:58:14.488" endtime="20220727 23:58:14.611"/>
</kw>
<status status="PASS" starttime="20220727 23:58:12.573" endtime="20220727 23:58:14.611"/>
</kw>
<kw name="Submeto minhas credenciais">
<arg>admin@zepalheta.com.br</arg>
<arg>pwd123</arg>
<kw name="Input Text" library="SeleniumLibrary">
<arg>id:txtEmail</arg>
<arg>${email}</arg>
<doc>Types the given ``text`` into the text field identified by ``locator``.</doc>
<msg timestamp="20220727 23:58:14.614" level="INFO">Typing text 'admin@zepalheta.com.br' into text field 'id:txtEmail'.</msg>
<status status="PASS" starttime="20220727 23:58:14.613" endtime="20220727 23:58:14.761"/>
</kw>
<kw name="Input Password" library="SeleniumLibrary">
<arg>css:input[placeholder="Senha"]</arg>
<arg>${password}</arg>
<doc>Types the given password into the text field identified by ``locator``.</doc>
<msg timestamp="20220727 23:58:14.761" level="INFO">Typing password into text field 'css:input[placeholder="Senha"]'.</msg>
<msg timestamp="20220727 23:58:14.798" level="INFO">Temporally setting log level to: NONE</msg>
<msg timestamp="20220727 23:58:14.831" level="INFO">Log level changed from NONE to INFO.</msg>
<status status="PASS" starttime="20220727 23:58:14.761" endtime="20220727 23:58:14.831"/>
</kw>
<kw name="Click Element" library="SeleniumLibrary">
<arg>xpath://button[text()='Entrar']</arg>
<doc>Click the element identified by ``locator``.</doc>
<msg timestamp="20220727 23:58:14.831" level="INFO">Clicking element 'xpath://button[text()='Entrar']'.</msg>
<status status="PASS" starttime="20220727 23:58:14.831" endtime="20220727 23:58:14.916"/>
</kw>
<status status="PASS" starttime="20220727 23:58:14.612" endtime="20220727 23:58:14.916"/>
</kw>
<kw name="Devo ver a área logada">
<kw name="Wait Until Page Contains" library="SeleniumLibrary">
<arg>Aluguéis</arg>
<arg>5</arg>
<doc>Waits until ``text`` appears on the current page.</doc>
<status status="PASS" starttime="20220727 23:58:14.917" endtime="20220727 23:58:15.133"/>
</kw>
<kw name="Close Browser" library="SeleniumLibrary">
<doc>Closes the current browser.</doc>
<status status="PASS" starttime="20220727 23:58:15.133" endtime="20220727 23:58:17.357"/>
</kw>
<status status="PASS" starttime="20220727 23:58:14.917" endtime="20220727 23:58:17.358"/>
</kw>
<status status="PASS" starttime="20220727 23:58:12.573" endtime="20220727 23:58:17.359"/>
</test>
<doc>Login</doc>
<status status="PASS" starttime="20220727 23:58:12.408" endtime="20220727 23:58:17.363"/>
</suite>
<statistics>
<total>
<stat pass="1" fail="0" skip="0">All Tests</stat>
</total>
<tag>
</tag>
<suite>
<stat pass="1" fail="0" skip="0" id="s1" name="Login">Login</stat>
</suite>
</statistics>
<errors>
</errors>
</robot>
