<?xml version="1.0" encoding="UTF-8"?>
<robot generator="Robot 4.1.1 (Python 3.10.5 on win32)" generated="20220728 21:00:45.136" rpa="false" schemaversion="2">
<suite id="s1" name="Tests" source="C:\robocamp\ze-palheta\tests">
<suite id="s1-s1" name="Login" source="C:\robocamp\ze-palheta\tests\login.robot">
<test id="s1-s1-t1" name="Senha incorreta">
<kw name="Acesso a página Login" library="kws">
<kw name="Open Browser" library="SeleniumLibrary">
<arg>http://zepalheta-web:3000/</arg>
<arg>chrome</arg>
<doc>Opens a new browser instance to the optional ``url``.</doc>
<msg timestamp="20220728 21:00:45.338" level="INFO">Opening browser 'chrome' to base url 'http://zepalheta-web:3000/'.</msg>
<status status="PASS" starttime="20220728 21:00:45.338" endtime="20220728 21:00:47.119"/>
</kw>
<kw name="Maximize Browser Window" library="SeleniumLibrary">
<doc>Maximizes current browser window.</doc>
<status status="PASS" starttime="20220728 21:00:47.119" endtime="20220728 21:00:47.247"/>
</kw>
<status status="PASS" starttime="20220728 21:00:45.338" endtime="20220728 21:00:47.247"/>
</kw>
<kw name="Submeto minhas credenciais" library="kws">
<arg>admin@zepalheta.com.br</arg>
<arg>abc123</arg>
<kw name="Input Text" library="SeleniumLibrary">
<arg>id:txtEmail</arg>
<arg>${email}</arg>
<doc>Types the given ``text`` into the text field identified by ``locator``.</doc>
<msg timestamp="20220728 21:00:47.259" level="INFO">Typing text 'admin@zepalheta.com.br' into text field 'id:txtEmail'.</msg>
<status status="PASS" starttime="20220728 21:00:47.252" endtime="20220728 21:00:47.412"/>
</kw>
<kw name="Input Password" library="SeleniumLibrary">
<arg>css:input[placeholder="Senha"]</arg>
<arg>${password}</arg>
<doc>Types the given password into the text field identified by ``locator``.</doc>
<msg timestamp="20220728 21:00:47.412" level="INFO">Typing password into text field 'css:input[placeholder="Senha"]'.</msg>
<msg timestamp="20220728 21:00:47.447" level="INFO">Temporally setting log level to: NONE</msg>
<msg timestamp="20220728 21:00:47.517" level="INFO">Log level changed from NONE to INFO.</msg>
<status status="PASS" starttime="20220728 21:00:47.412" endtime="20220728 21:00:47.517"/>
</kw>
<kw name="Click Element" library="SeleniumLibrary">
<arg>xpath://button[text()='Entrar']</arg>
<doc>Click the element identified by ``locator``.</doc>
<msg timestamp="20220728 21:00:47.517" level="INFO">Clicking element 'xpath://button[text()='Entrar']'.</msg>
<status status="PASS" starttime="20220728 21:00:47.517" endtime="20220728 21:00:47.564"/>
</kw>
<status status="PASS" starttime="20220728 21:00:47.252" endtime="20220728 21:00:47.564"/>
</kw>
<kw name="Devo ver um toaster com a mensagem" library="kws">
<arg>Ocorreu um erro ao fazer login, cheque as credenciais.</arg>
<kw name="Wait Until Element Contains" library="SeleniumLibrary">
<arg>css:div[type='error'] p</arg>
<arg>${expect_message}</arg>
<doc>Waits until the element ``locator`` contains ``text``.</doc>
<status status="PASS" starttime="20220728 21:00:47.566" endtime="20220728 21:00:47.801"/>
</kw>
<kw name="Close Browser" library="SeleniumLibrary">
<doc>Closes the current browser.</doc>
<status status="PASS" starttime="20220728 21:00:47.801" endtime="20220728 21:00:50.042"/>
</kw>
<status status="PASS" starttime="20220728 21:00:47.565" endtime="20220728 21:00:50.042"/>
</kw>
<tag>inv_login</tag>
<status status="PASS" starttime="20220728 21:00:45.336" endtime="20220728 21:00:50.042"/>
</test>
<test id="s1-s1-t2" name="Senha em branco">
<kw name="Acesso a página Login" library="kws">
<kw name="Open Browser" library="SeleniumLibrary">
<arg>http://zepalheta-web:3000/</arg>
<arg>chrome</arg>
<doc>Opens a new browser instance to the optional ``url``.</doc>
<msg timestamp="20220728 21:00:50.050" level="INFO">Opening browser 'chrome' to base url 'http://zepalheta-web:3000/'.</msg>
<status status="PASS" starttime="20220728 21:00:50.049" endtime="20220728 21:00:51.813"/>
</kw>
<kw name="Maximize Browser Window" library="SeleniumLibrary">
<doc>Maximizes current browser window.</doc>
<status status="PASS" starttime="20220728 21:00:51.813" endtime="20220728 21:00:52.060"/>
</kw>
<status status="PASS" starttime="20220728 21:00:50.049" endtime="20220728 21:00:52.060"/>
</kw>
<kw name="Submeto minhas credenciais" library="kws">
<arg>johnannes@gmail.com</arg>
<arg>${EMPTY}</arg>
<kw name="Input Text" library="SeleniumLibrary">
<arg>id:txtEmail</arg>
<arg>${email}</arg>
<doc>Types the given ``text`` into the text field identified by ``locator``.</doc>
<msg timestamp="20220728 21:00:52.064" level="INFO">Typing text 'johnannes@gmail.com' into text field 'id:txtEmail'.</msg>
<status status="PASS" starttime="20220728 21:00:52.063" endtime="20220728 21:00:52.176"/>
</kw>
<kw name="Input Password" library="SeleniumLibrary">
<arg>css:input[placeholder="Senha"]</arg>
<arg>${password}</arg>
<doc>Types the given password into the text field identified by ``locator``.</doc>
<msg timestamp="20220728 21:00:52.176" level="INFO">Typing password into text field 'css:input[placeholder="Senha"]'.</msg>
<msg timestamp="20220728 21:00:52.214" level="INFO">Temporally setting log level to: NONE</msg>
<msg timestamp="20220728 21:00:52.241" level="INFO">Log level changed from NONE to INFO.</msg>
<status status="PASS" starttime="20220728 21:00:52.176" endtime="20220728 21:00:52.241"/>
</kw>
<kw name="Click Element" library="SeleniumLibrary">
<arg>xpath://button[text()='Entrar']</arg>
<doc>Click the element identified by ``locator``.</doc>
<msg timestamp="20220728 21:00:52.241" level="INFO">Clicking element 'xpath://button[text()='Entrar']'.</msg>
<status status="PASS" starttime="20220728 21:00:52.241" endtime="20220728 21:00:52.288"/>
</kw>
<status status="PASS" starttime="20220728 21:00:52.061" endtime="20220728 21:00:52.288"/>
</kw>
<kw name="Devo ver um toaster com a mensagem" library="kws">
<arg>O campo senha é obrigatório!</arg>
<kw name="Wait Until Element Contains" library="SeleniumLibrary">
<arg>css:div[type='error'] p</arg>
<arg>${expect_message}</arg>
<doc>Waits until the element ``locator`` contains ``text``.</doc>
<status status="PASS" starttime="20220728 21:00:52.289" endtime="20220728 21:00:52.522"/>
</kw>
<kw name="Close Browser" library="SeleniumLibrary">
<doc>Closes the current browser.</doc>
<status status="PASS" starttime="20220728 21:00:52.522" endtime="20220728 21:00:54.728"/>
</kw>
<status status="PASS" starttime="20220728 21:00:52.289" endtime="20220728 21:00:54.729"/>
</kw>
<tag>inv_login</tag>
<status status="PASS" starttime="20220728 21:00:50.047" endtime="20220728 21:00:54.730"/>
</test>
<test id="s1-s1-t3" name="Email em branco">
<kw name="Acesso a página Login" library="kws">
<kw name="Open Browser" library="SeleniumLibrary">
<arg>http://zepalheta-web:3000/</arg>
<arg>chrome</arg>
<doc>Opens a new browser instance to the optional ``url``.</doc>
<msg timestamp="20220728 21:00:54.736" level="INFO">Opening browser 'chrome' to base url 'http://zepalheta-web:3000/'.</msg>
<status status="PASS" starttime="20220728 21:00:54.735" endtime="20220728 21:00:56.541"/>
</kw>
<kw name="Maximize Browser Window" library="SeleniumLibrary">
<doc>Maximizes current browser window.</doc>
<status status="PASS" starttime="20220728 21:00:56.542" endtime="20220728 21:00:56.674"/>
</kw>
<status status="PASS" starttime="20220728 21:00:54.734" endtime="20220728 21:00:56.674"/>
</kw>
<kw name="Submeto minhas credenciais" library="kws">
<arg>${EMPTY}</arg>
<arg>123456</arg>
<kw name="Input Text" library="SeleniumLibrary">
<arg>id:txtEmail</arg>
<arg>${email}</arg>
<doc>Types the given ``text`` into the text field identified by ``locator``.</doc>
<msg timestamp="20220728 21:00:56.686" level="INFO">Typing text '' into text field 'id:txtEmail'.</msg>
<status status="PASS" starttime="20220728 21:00:56.684" endtime="20220728 21:00:56.822"/>
</kw>
<kw name="Input Password" library="SeleniumLibrary">
<arg>css:input[placeholder="Senha"]</arg>
<arg>${password}</arg>
<doc>Types the given password into the text field identified by ``locator``.</doc>
<msg timestamp="20220728 21:00:56.827" level="INFO">Typing password into text field 'css:input[placeholder="Senha"]'.</msg>
<msg timestamp="20220728 21:00:56.851" level="INFO">Temporally setting log level to: NONE</msg>
<msg timestamp="20220728 21:00:56.930" level="INFO">Log level changed from NONE to INFO.</msg>
<status status="PASS" starttime="20220728 21:00:56.822" endtime="20220728 21:00:56.930"/>
</kw>
<kw name="Click Element" library="SeleniumLibrary">
<arg>xpath://button[text()='Entrar']</arg>
<doc>Click the element identified by ``locator``.</doc>
<msg timestamp="20220728 21:00:56.930" level="INFO">Clicking element 'xpath://button[text()='Entrar']'.</msg>
<status status="PASS" starttime="20220728 21:00:56.930" endtime="20220728 21:00:56.978"/>
</kw>
<status status="PASS" starttime="20220728 21:00:56.680" endtime="20220728 21:00:56.978"/>
</kw>
<kw name="Devo ver um toaster com a mensagem" library="kws">
<arg>O campo email é obrigatório!</arg>
<kw name="Wait Until Element Contains" library="SeleniumLibrary">
<arg>css:div[type='error'] p</arg>
<arg>${expect_message}</arg>
<doc>Waits until the element ``locator`` contains ``text``.</doc>
<status status="PASS" starttime="20220728 21:00:56.981" endtime="20220728 21:00:57.233"/>
</kw>
<kw name="Close Browser" library="SeleniumLibrary">
<doc>Closes the current browser.</doc>
<status status="PASS" starttime="20220728 21:00:57.233" endtime="20220728 21:00:59.433"/>
</kw>
<status status="PASS" starttime="20220728 21:00:56.979" endtime="20220728 21:00:59.433"/>
</kw>
<tag>inv_login</tag>
<status status="PASS" starttime="20220728 21:00:54.733" endtime="20220728 21:00:59.434"/>
</test>
<test id="s1-s1-t4" name="Email e senha em branco">
<kw name="Acesso a página Login" library="kws">
<kw name="Open Browser" library="SeleniumLibrary">
<arg>http://zepalheta-web:3000/</arg>
<arg>chrome</arg>
<doc>Opens a new browser instance to the optional ``url``.</doc>
<msg timestamp="20220728 21:00:59.441" level="INFO">Opening browser 'chrome' to base url 'http://zepalheta-web:3000/'.</msg>
<status status="PASS" starttime="20220728 21:00:59.441" endtime="20220728 21:01:01.225"/>
</kw>
<kw name="Maximize Browser Window" library="SeleniumLibrary">
<doc>Maximizes current browser window.</doc>
<status status="PASS" starttime="20220728 21:01:01.225" endtime="20220728 21:01:01.342"/>
</kw>
<status status="PASS" starttime="20220728 21:00:59.440" endtime="20220728 21:01:01.342"/>
</kw>
<kw name="Submeto minhas credenciais" library="kws">
<arg>${EMPTY}</arg>
<arg>${EMPTY}</arg>
<kw name="Input Text" library="SeleniumLibrary">
<arg>id:txtEmail</arg>
<arg>${email}</arg>
<doc>Types the given ``text`` into the text field identified by ``locator``.</doc>
<msg timestamp="20220728 21:01:01.346" level="INFO">Typing text '' into text field 'id:txtEmail'.</msg>
<status status="PASS" starttime="20220728 21:01:01.346" endtime="20220728 21:01:01.499"/>
</kw>
<kw name="Input Password" library="SeleniumLibrary">
<arg>css:input[placeholder="Senha"]</arg>
<arg>${password}</arg>
<doc>Types the given password into the text field identified by ``locator``.</doc>
<msg timestamp="20220728 21:01:01.500" level="INFO">Typing password into text field 'css:input[placeholder="Senha"]'.</msg>
<msg timestamp="20220728 21:01:01.527" level="INFO">Temporally setting log level to: NONE</msg>
<msg timestamp="20220728 21:01:01.601" level="INFO">Log level changed from NONE to INFO.</msg>
<status status="PASS" starttime="20220728 21:01:01.499" endtime="20220728 21:01:01.601"/>
</kw>
<kw name="Click Element" library="SeleniumLibrary">
<arg>xpath://button[text()='Entrar']</arg>
<doc>Click the element identified by ``locator``.</doc>
<msg timestamp="20220728 21:01:01.601" level="INFO">Clicking element 'xpath://button[text()='Entrar']'.</msg>
<status status="PASS" starttime="20220728 21:01:01.601" endtime="20220728 21:01:01.655"/>
</kw>
<status status="PASS" starttime="20220728 21:01:01.342" endtime="20220728 21:01:01.655"/>
</kw>
<kw name="Devo ver um toaster com a mensagem" library="kws">
<arg>Os campos email e senha não foram preenchidos</arg>
<kw name="Wait Until Element Contains" library="SeleniumLibrary">
<arg>css:div[type='error'] p</arg>
<arg>${expect_message}</arg>
<doc>Waits until the element ``locator`` contains ``text``.</doc>
<status status="PASS" starttime="20220728 21:01:01.656" endtime="20220728 21:01:01.908"/>
</kw>
<kw name="Close Browser" library="SeleniumLibrary">
<doc>Closes the current browser.</doc>
<status status="PASS" starttime="20220728 21:01:01.908" endtime="20220728 21:01:04.098"/>
</kw>
<status status="PASS" starttime="20220728 21:01:01.656" endtime="20220728 21:01:04.098"/>
</kw>
<tag>inv_login</tag>
<status status="PASS" starttime="20220728 21:00:59.438" endtime="20220728 21:01:04.100"/>
</test>
<doc>Login</doc>
<status status="PASS" starttime="20220728 21:00:45.157" endtime="20220728 21:01:04.104"/>
</suite>
<status status="PASS" starttime="20220728 21:00:45.141" endtime="20220728 21:01:04.108"/>
</suite>
<statistics>
<total>
<stat pass="4" fail="0" skip="0">All Tests</stat>
</total>
<tag>
<stat pass="4" fail="0" skip="0">inv_login</stat>
</tag>
<suite>
<stat pass="4" fail="0" skip="0" id="s1" name="Tests">Tests</stat>
<stat pass="4" fail="0" skip="0" id="s1-s1" name="Login">Tests.Login</stat>
</suite>
</statistics>
<errors>
</errors>
</robot>
