<?xml version="1.0" encoding="UTF-8"?>
<robot generator="Robot 5.0.1 (Python 3.8.10 on linux)" generated="20230325 00:03:35.563" rpa="false" schemaversion="3">
<suite id="s1" name="Login" source="/home/rogeraguilera/Documentos/Robocamp/tests/login.robot">
<kw name="Deve acessar o site" library="login-sucesso" type="SETUP">
<kw name="Open Browser" library="SeleniumLibrary">
<arg>${BASE_URL}</arg>
<arg>chrome</arg>
<doc>Opens a new browser instance to the optional ``url``.</doc>
<msg timestamp="20230325 00:03:35.764" level="INFO">Opening browser 'chrome' to base url 'http://zepalheta-web:3000'.</msg>
<status status="PASS" starttime="20230325 00:03:35.764" endtime="20230325 00:03:43.584"/>
</kw>
<kw name="Sleep" library="BuiltIn">
<arg>3</arg>
<doc>Pauses the test executed for the given time.</doc>
<msg timestamp="20230325 00:03:46.585" level="INFO">Slept 3 seconds</msg>
<status status="PASS" starttime="20230325 00:03:43.584" endtime="20230325 00:03:46.586"/>
</kw>
<status status="PASS" starttime="20230325 00:03:35.763" endtime="20230325 00:03:46.586"/>
</kw>
<test id="s1-t1" name="Testes da área de login" line="10">
<kw name="Inserir minhas credenciais com sucesso" library="login-sucesso">
<kw name="Input Text" library="SeleniumLibrary">
<arg>${INPUT_EMAIL}</arg>
<arg>${TXT_EMAIL}</arg>
<doc>Types the given ``text`` into the text field identified by ``locator``.</doc>
<msg timestamp="20230325 00:03:46.591" level="INFO">Typing text 'admin@zepalheta.com.br' into text field 'xpath=//input[@id='txtEmail']'.</msg>
<status status="PASS" starttime="20230325 00:03:46.591" endtime="20230325 00:03:46.699"/>
</kw>
<kw name="Input Password" library="SeleniumLibrary">
<arg>${INPUT_PASS}</arg>
<arg>${TXT_PASS}</arg>
<doc>Types the given password into the text field identified by ``locator``.</doc>
<msg timestamp="20230325 00:03:46.700" level="INFO">Typing password into text field 'xpath=//input[@placeholder='Senha']'.</msg>
<msg timestamp="20230325 00:03:46.738" level="INFO">Temporally setting log level to: NONE</msg>
<msg timestamp="20230325 00:03:46.780" level="INFO">Log level changed from NONE to INFO.</msg>
<status status="PASS" starttime="20230325 00:03:46.700" endtime="20230325 00:03:46.780"/>
</kw>
<kw name="Sleep" library="BuiltIn">
<arg>3</arg>
<doc>Pauses the test executed for the given time.</doc>
<msg timestamp="20230325 00:03:49.781" level="INFO">Slept 3 seconds</msg>
<status status="PASS" starttime="20230325 00:03:46.780" endtime="20230325 00:03:49.781"/>
</kw>
<kw name="Click Button" library="SeleniumLibrary">
<arg>${BTN_ENTRAR}</arg>
<doc>Clicks the button identified by ``locator``.</doc>
<msg timestamp="20230325 00:03:49.782" level="INFO">Clicking button 'xpath=(//button[normalize-space()='Entrar'])[1]'.</msg>
<status status="PASS" starttime="20230325 00:03:49.782" endtime="20230325 00:03:49.866"/>
</kw>
<status status="PASS" starttime="20230325 00:03:46.590" endtime="20230325 00:03:49.867"/>
</kw>
<kw name="Fechar o sistema" library="login-sucesso">
<kw name="Sleep" library="BuiltIn">
<arg>5</arg>
<doc>Pauses the test executed for the given time.</doc>
<msg timestamp="20230325 00:03:54.869" level="INFO">Slept 5 seconds</msg>
<status status="PASS" starttime="20230325 00:03:49.869" endtime="20230325 00:03:54.870"/>
</kw>
<kw name="Close Browser" library="SeleniumLibrary">
<doc>Closes the current browser.</doc>
<status status="PASS" starttime="20230325 00:03:54.870" endtime="20230325 00:03:54.931"/>
</kw>
<status status="PASS" starttime="20230325 00:03:49.868" endtime="20230325 00:03:54.932"/>
</kw>
<status status="PASS" starttime="20230325 00:03:46.588" endtime="20230325 00:03:54.932"/>
</test>
<kw name="Fechar o sistema" library="login-sucesso" type="TEARDOWN">
<kw name="Sleep" library="BuiltIn">
<arg>5</arg>
<doc>Pauses the test executed for the given time.</doc>
<msg timestamp="20230325 00:03:59.934" level="INFO">Slept 5 seconds</msg>
<status status="PASS" starttime="20230325 00:03:54.933" endtime="20230325 00:03:59.934"/>
</kw>
<kw name="Close Browser" library="SeleniumLibrary">
<doc>Closes the current browser.</doc>
<status status="PASS" starttime="20230325 00:03:59.934" endtime="20230325 00:03:59.935"/>
</kw>
<status status="PASS" starttime="20230325 00:03:54.933" endtime="20230325 00:03:59.935"/>
</kw>
<doc>Fazer login no site Zé Palheta</doc>
<status status="PASS" starttime="20230325 00:03:35.564" endtime="20230325 00:03:59.935"/>
</suite>
<statistics>
<total>
<stat pass="1" fail="0" skip="0">All Tests</stat>
</total>
<tag>
</tag>
<suite>
<stat pass="1" fail="0" skip="0" id="s1" name="Login">Login</stat>
</suite>
</statistics>
<errors>
</errors>
</robot>
