<?xml version="1.0" encoding="UTF-8"?>
<robot generator="Robot 4.1.1 (Python 3.10.5 on win32)" generated="20220729 22:16:28.816" rpa="false" schemaversion="2">
<suite id="s1" name="Tests" source="C:\robocamp\ze-palheta\tests">
<suite id="s1-s1" name="Login" source="C:\robocamp\ze-palheta\tests\login.robot">
<test id="s1-s1-t1" name="Login do Administrador">
<kw name="Start Session" library="hooks" type="SETUP">
<kw name="Open Browser" library="SeleniumLibrary">
<arg>about:blank</arg>
<arg>chrome</arg>
<doc>Opens a new browser instance to the optional ``url``.</doc>
<msg timestamp="20220729 22:16:29.035" level="INFO">Opening browser 'chrome' to base url 'about:blank'.</msg>
<status status="PASS" starttime="20220729 22:16:29.035" endtime="20220729 22:16:30.205"/>
</kw>
<kw name="Maximize Browser Window" library="SeleniumLibrary">
<doc>Maximizes current browser window.</doc>
<status status="PASS" starttime="20220729 22:16:30.205" endtime="20220729 22:16:30.325"/>
</kw>
<status status="PASS" starttime="20220729 22:16:29.035" endtime="20220729 22:16:30.325"/>
</kw>
<kw name="Acesso a página Login" library="kws">
<kw name="Go To" library="SeleniumLibrary">
<arg>http://zepalheta-web:3000</arg>
<doc>Navigates the current browser window to the provided ``url``.</doc>
<msg timestamp="20220729 22:16:30.325" level="INFO">Opening url 'http://zepalheta-web:3000'</msg>
<status status="PASS" starttime="20220729 22:16:30.325" endtime="20220729 22:16:30.978"/>
</kw>
<status status="PASS" starttime="20220729 22:16:30.325" endtime="20220729 22:16:30.978"/>
</kw>
<kw name="Submeto minhas credenciais" library="kws">
<arg>admin@zepalheta.com.br</arg>
<arg>pwd123</arg>
<kw name="Input Text" library="SeleniumLibrary">
<arg>id:txtEmail</arg>
<arg>${email}</arg>
<doc>Types the given ``text`` into the text field identified by ``locator``.</doc>
<msg timestamp="20220729 22:16:30.981" level="INFO">Typing text 'admin@zepalheta.com.br' into text field 'id:txtEmail'.</msg>
<status status="PASS" starttime="20220729 22:16:30.980" endtime="20220729 22:16:31.051"/>
</kw>
<kw name="Input Password" library="SeleniumLibrary">
<arg>css:input[placeholder="Senha"]</arg>
<arg>${password}</arg>
<doc>Types the given password into the text field identified by ``locator``.</doc>
<msg timestamp="20220729 22:16:31.051" level="INFO">Typing password into text field 'css:input[placeholder="Senha"]'.</msg>
<msg timestamp="20220729 22:16:31.075" level="INFO">Temporally setting log level to: NONE</msg>
<msg timestamp="20220729 22:16:31.155" level="INFO">Log level changed from NONE to INFO.</msg>
<status status="PASS" starttime="20220729 22:16:31.051" endtime="20220729 22:16:31.155"/>
</kw>
<kw name="Click Element" library="SeleniumLibrary">
<arg>xpath://button[text()='Entrar']</arg>
<doc>Click the element identified by ``locator``.</doc>
<msg timestamp="20220729 22:16:31.155" level="INFO">Clicking element 'xpath://button[text()='Entrar']'.</msg>
<status status="PASS" starttime="20220729 22:16:31.155" endtime="20220729 22:16:31.261"/>
</kw>
<status status="PASS" starttime="20220729 22:16:30.980" endtime="20220729 22:16:31.261"/>
</kw>
<kw name="Devo ver a área logada" library="kws">
<kw name="Wait Until Page Contains" library="SeleniumLibrary">
<arg>Aluguéis</arg>
<arg>5</arg>
<doc>Waits until ``text`` appears on the current page.</doc>
<status status="PASS" starttime="20220729 22:16:31.262" endtime="20220729 22:16:31.483"/>
</kw>
<status status="PASS" starttime="20220729 22:16:31.262" endtime="20220729 22:16:31.483"/>
</kw>
<kw name="Finish Session" library="hooks" type="TEARDOWN">
<kw name="Close Browser" library="SeleniumLibrary">
<doc>Closes the current browser.</doc>
<status status="PASS" starttime="20220729 22:16:31.484" endtime="20220729 22:16:33.710"/>
</kw>
<status status="PASS" starttime="20220729 22:16:31.484" endtime="20220729 22:16:33.711"/>
</kw>
<status status="PASS" starttime="20220729 22:16:29.030" endtime="20220729 22:16:33.712"/>
</test>
<doc>Login</doc>
<status status="PASS" starttime="20220729 22:16:28.835" endtime="20220729 22:16:33.715"/>
</suite>
<suite id="s1-s2" name="Login Tentativa" source="C:\robocamp\ze-palheta\tests\login_tentativa.robot">
<test id="s1-s2-t1" name="Senha incorreta">
<kw name="Start Session" library="hooks" type="SETUP">
<kw name="Open Browser" library="SeleniumLibrary">
<arg>about:blank</arg>
<arg>chrome</arg>
<doc>Opens a new browser instance to the optional ``url``.</doc>
<msg timestamp="20220729 22:16:33.728" level="INFO">Opening browser 'chrome' to base url 'about:blank'.</msg>
<status status="PASS" starttime="20220729 22:16:33.728" endtime="20220729 22:16:34.876"/>
</kw>
<kw name="Maximize Browser Window" library="SeleniumLibrary">
<doc>Maximizes current browser window.</doc>
<status status="PASS" starttime="20220729 22:16:34.876" endtime="20220729 22:16:35.014"/>
</kw>
<status status="PASS" starttime="20220729 22:16:33.726" endtime="20220729 22:16:35.014"/>
</kw>
<kw name="Tentativa de login">
<arg>admin@zepalheta.com.br</arg>
<arg>abc123</arg>
<arg>Ocorreu um erro ao fazer login, cheque as credenciais.</arg>
<kw name="Acesso a página Login" library="kws">
<kw name="Go To" library="SeleniumLibrary">
<arg>http://zepalheta-web:3000</arg>
<doc>Navigates the current browser window to the provided ``url``.</doc>
<msg timestamp="20220729 22:16:35.021" level="INFO">Opening url 'http://zepalheta-web:3000'</msg>
<status status="PASS" starttime="20220729 22:16:35.021" endtime="20220729 22:16:35.671"/>
</kw>
<status status="PASS" starttime="20220729 22:16:35.014" endtime="20220729 22:16:35.671"/>
</kw>
<kw name="Submeto minhas credenciais" library="kws">
<arg>${input_email}</arg>
<arg>${input_senha}</arg>
<kw name="Input Text" library="SeleniumLibrary">
<arg>id:txtEmail</arg>
<arg>${email}</arg>
<doc>Types the given ``text`` into the text field identified by ``locator``.</doc>
<msg timestamp="20220729 22:16:35.673" level="INFO">Typing text 'admin@zepalheta.com.br' into text field 'id:txtEmail'.</msg>
<status status="PASS" starttime="20220729 22:16:35.672" endtime="20220729 22:16:35.743"/>
</kw>
<kw name="Input Password" library="SeleniumLibrary">
<arg>css:input[placeholder="Senha"]</arg>
<arg>${password}</arg>
<doc>Types the given password into the text field identified by ``locator``.</doc>
<msg timestamp="20220729 22:16:35.743" level="INFO">Typing password into text field 'css:input[placeholder="Senha"]'.</msg>
<msg timestamp="20220729 22:16:35.775" level="INFO">Temporally setting log level to: NONE</msg>
<msg timestamp="20220729 22:16:35.864" level="INFO">Log level changed from NONE to INFO.</msg>
<status status="PASS" starttime="20220729 22:16:35.743" endtime="20220729 22:16:35.864"/>
</kw>
<kw name="Click Element" library="SeleniumLibrary">
<arg>xpath://button[text()='Entrar']</arg>
<doc>Click the element identified by ``locator``.</doc>
<msg timestamp="20220729 22:16:35.864" level="INFO">Clicking element 'xpath://button[text()='Entrar']'.</msg>
<status status="PASS" starttime="20220729 22:16:35.864" endtime="20220729 22:16:35.970"/>
</kw>
<status status="PASS" starttime="20220729 22:16:35.671" endtime="20220729 22:16:35.970"/>
</kw>
<kw name="Devo ver um toaster com a mensagem" library="kws">
<arg>${output_mensagem}</arg>
<kw name="Wait Until Element Contains" library="SeleniumLibrary">
<arg>css:div[type='error'] p</arg>
<arg>${expect_message}</arg>
<doc>Waits until the element ``locator`` contains ``text``.</doc>
<status status="PASS" starttime="20220729 22:16:35.971" endtime="20220729 22:16:36.214"/>
</kw>
<status status="PASS" starttime="20220729 22:16:35.970" endtime="20220729 22:16:36.214"/>
</kw>
<status status="PASS" starttime="20220729 22:16:35.014" endtime="20220729 22:16:36.214"/>
</kw>
<kw name="Finish Session" library="hooks" type="TEARDOWN">
<kw name="Close Browser" library="SeleniumLibrary">
<doc>Closes the current browser.</doc>
<status status="PASS" starttime="20220729 22:16:36.215" endtime="20220729 22:16:38.443"/>
</kw>
<status status="PASS" starttime="20220729 22:16:36.215" endtime="20220729 22:16:38.443"/>
</kw>
<status status="PASS" starttime="20220729 22:16:33.726" endtime="20220729 22:16:38.443"/>
</test>
<test id="s1-s2-t2" name="Senha em branco">
<kw name="Start Session" library="hooks" type="SETUP">
<kw name="Open Browser" library="SeleniumLibrary">
<arg>about:blank</arg>
<arg>chrome</arg>
<doc>Opens a new browser instance to the optional ``url``.</doc>
<msg timestamp="20220729 22:16:38.451" level="INFO">Opening browser 'chrome' to base url 'about:blank'.</msg>
<status status="PASS" starttime="20220729 22:16:38.450" endtime="20220729 22:16:39.691"/>
</kw>
<kw name="Maximize Browser Window" library="SeleniumLibrary">
<doc>Maximizes current browser window.</doc>
<status status="PASS" starttime="20220729 22:16:39.691" endtime="20220729 22:16:39.815"/>
</kw>
<status status="PASS" starttime="20220729 22:16:38.450" endtime="20220729 22:16:39.815"/>
</kw>
<kw name="Tentativa de login">
<arg>johnannes@gmail.com</arg>
<arg>${EMPTY}</arg>
<arg>O campo senha é obrigatório!</arg>
<kw name="Acesso a página Login" library="kws">
<kw name="Go To" library="SeleniumLibrary">
<arg>http://zepalheta-web:3000</arg>
<doc>Navigates the current browser window to the provided ``url``.</doc>
<msg timestamp="20220729 22:16:39.825" level="INFO">Opening url 'http://zepalheta-web:3000'</msg>
<status status="PASS" starttime="20220729 22:16:39.824" endtime="20220729 22:16:40.473"/>
</kw>
<status status="PASS" starttime="20220729 22:16:39.824" endtime="20220729 22:16:40.473"/>
</kw>
<kw name="Submeto minhas credenciais" library="kws">
<arg>${input_email}</arg>
<arg>${input_senha}</arg>
<kw name="Input Text" library="SeleniumLibrary">
<arg>id:txtEmail</arg>
<arg>${email}</arg>
<doc>Types the given ``text`` into the text field identified by ``locator``.</doc>
<msg timestamp="20220729 22:16:40.474" level="INFO">Typing text 'johnannes@gmail.com' into text field 'id:txtEmail'.</msg>
<status status="PASS" starttime="20220729 22:16:40.474" endtime="20220729 22:16:40.802"/>
</kw>
<kw name="Input Password" library="SeleniumLibrary">
<arg>css:input[placeholder="Senha"]</arg>
<arg>${password}</arg>
<doc>Types the given password into the text field identified by ``locator``.</doc>
<msg timestamp="20220729 22:16:40.802" level="INFO">Typing password into text field 'css:input[placeholder="Senha"]'.</msg>
<msg timestamp="20220729 22:16:40.846" level="INFO">Temporally setting log level to: NONE</msg>
<msg timestamp="20220729 22:16:40.884" level="INFO">Log level changed from NONE to INFO.</msg>
<status status="PASS" starttime="20220729 22:16:40.802" endtime="20220729 22:16:40.884"/>
</kw>
<kw name="Click Element" library="SeleniumLibrary">
<arg>xpath://button[text()='Entrar']</arg>
<doc>Click the element identified by ``locator``.</doc>
<msg timestamp="20220729 22:16:40.884" level="INFO">Clicking element 'xpath://button[text()='Entrar']'.</msg>
<status status="PASS" starttime="20220729 22:16:40.884" endtime="20220729 22:16:40.929"/>
</kw>
<status status="PASS" starttime="20220729 22:16:40.473" endtime="20220729 22:16:40.930"/>
</kw>
<kw name="Devo ver um toaster com a mensagem" library="kws">
<arg>${output_mensagem}</arg>
<kw name="Wait Until Element Contains" library="SeleniumLibrary">
<arg>css:div[type='error'] p</arg>
<arg>${expect_message}</arg>
<doc>Waits until the element ``locator`` contains ``text``.</doc>
<status status="PASS" starttime="20220729 22:16:40.930" endtime="20220729 22:16:41.177"/>
</kw>
<status status="PASS" starttime="20220729 22:16:40.930" endtime="20220729 22:16:41.177"/>
</kw>
<status status="PASS" starttime="20220729 22:16:39.815" endtime="20220729 22:16:41.177"/>
</kw>
<kw name="Finish Session" library="hooks" type="TEARDOWN">
<kw name="Close Browser" library="SeleniumLibrary">
<doc>Closes the current browser.</doc>
<status status="PASS" starttime="20220729 22:16:41.180" endtime="20220729 22:16:43.378"/>
</kw>
<status status="PASS" starttime="20220729 22:16:41.179" endtime="20220729 22:16:43.378"/>
</kw>
<status status="PASS" starttime="20220729 22:16:38.448" endtime="20220729 22:16:43.378"/>
</test>
<test id="s1-s2-t3" name="Email em branco">
<kw name="Start Session" library="hooks" type="SETUP">
<kw name="Open Browser" library="SeleniumLibrary">
<arg>about:blank</arg>
<arg>chrome</arg>
<doc>Opens a new browser instance to the optional ``url``.</doc>
<msg timestamp="20220729 22:16:43.386" level="INFO">Opening browser 'chrome' to base url 'about:blank'.</msg>
<status status="PASS" starttime="20220729 22:16:43.386" endtime="20220729 22:16:44.543"/>
</kw>
<kw name="Maximize Browser Window" library="SeleniumLibrary">
<doc>Maximizes current browser window.</doc>
<status status="PASS" starttime="20220729 22:16:44.543" endtime="20220729 22:16:44.664"/>
</kw>
<status status="PASS" starttime="20220729 22:16:43.386" endtime="20220729 22:16:44.664"/>
</kw>
<kw name="Tentativa de login">
<arg>${EMPTY}</arg>
<arg>123456</arg>
<arg>O campo email é obrigatório!</arg>
<kw name="Acesso a página Login" library="kws">
<kw name="Go To" library="SeleniumLibrary">
<arg>http://zepalheta-web:3000</arg>
<doc>Navigates the current browser window to the provided ``url``.</doc>
<msg timestamp="20220729 22:16:44.668" level="INFO">Opening url 'http://zepalheta-web:3000'</msg>
<status status="PASS" starttime="20220729 22:16:44.668" endtime="20220729 22:16:45.332"/>
</kw>
<status status="PASS" starttime="20220729 22:16:44.666" endtime="20220729 22:16:45.332"/>
</kw>
<kw name="Submeto minhas credenciais" library="kws">
<arg>${input_email}</arg>
<arg>${input_senha}</arg>
<kw name="Input Text" library="SeleniumLibrary">
<arg>id:txtEmail</arg>
<arg>${email}</arg>
<doc>Types the given ``text`` into the text field identified by ``locator``.</doc>
<msg timestamp="20220729 22:16:45.334" level="INFO">Typing text '' into text field 'id:txtEmail'.</msg>
<status status="PASS" starttime="20220729 22:16:45.333" endtime="20220729 22:16:45.374"/>
</kw>
<kw name="Input Password" library="SeleniumLibrary">
<arg>css:input[placeholder="Senha"]</arg>
<arg>${password}</arg>
<doc>Types the given password into the text field identified by ``locator``.</doc>
<msg timestamp="20220729 22:16:45.374" level="INFO">Typing password into text field 'css:input[placeholder="Senha"]'.</msg>
<msg timestamp="20220729 22:16:45.407" level="INFO">Temporally setting log level to: NONE</msg>
<msg timestamp="20220729 22:16:45.450" level="INFO">Log level changed from NONE to INFO.</msg>
<status status="PASS" starttime="20220729 22:16:45.374" endtime="20220729 22:16:45.450"/>
</kw>
<kw name="Click Element" library="SeleniumLibrary">
<arg>xpath://button[text()='Entrar']</arg>
<doc>Click the element identified by ``locator``.</doc>
<msg timestamp="20220729 22:16:45.450" level="INFO">Clicking element 'xpath://button[text()='Entrar']'.</msg>
<status status="PASS" starttime="20220729 22:16:45.450" endtime="20220729 22:16:45.590"/>
</kw>
<status status="PASS" starttime="20220729 22:16:45.332" endtime="20220729 22:16:45.590"/>
</kw>
<kw name="Devo ver um toaster com a mensagem" library="kws">
<arg>${output_mensagem}</arg>
<kw name="Wait Until Element Contains" library="SeleniumLibrary">
<arg>css:div[type='error'] p</arg>
<arg>${expect_message}</arg>
<doc>Waits until the element ``locator`` contains ``text``.</doc>
<status status="PASS" starttime="20220729 22:16:45.591" endtime="20220729 22:16:45.843"/>
</kw>
<status status="PASS" starttime="20220729 22:16:45.590" endtime="20220729 22:16:45.843"/>
</kw>
<status status="PASS" starttime="20220729 22:16:44.665" endtime="20220729 22:16:45.843"/>
</kw>
<kw name="Finish Session" library="hooks" type="TEARDOWN">
<kw name="Close Browser" library="SeleniumLibrary">
<doc>Closes the current browser.</doc>
<status status="PASS" starttime="20220729 22:16:45.845" endtime="20220729 22:16:48.087"/>
</kw>
<status status="PASS" starttime="20220729 22:16:45.844" endtime="20220729 22:16:48.087"/>
</kw>
<status status="PASS" starttime="20220729 22:16:43.384" endtime="20220729 22:16:48.087"/>
</test>
<test id="s1-s2-t4" name="Email e senha em branco">
<kw name="Start Session" library="hooks" type="SETUP">
<kw name="Open Browser" library="SeleniumLibrary">
<arg>about:blank</arg>
<arg>chrome</arg>
<doc>Opens a new browser instance to the optional ``url``.</doc>
<msg timestamp="20220729 22:16:48.095" level="INFO">Opening browser 'chrome' to base url 'about:blank'.</msg>
<status status="PASS" starttime="20220729 22:16:48.095" endtime="20220729 22:16:49.273"/>
</kw>
<kw name="Maximize Browser Window" library="SeleniumLibrary">
<doc>Maximizes current browser window.</doc>
<status status="PASS" starttime="20220729 22:16:49.273" endtime="20220729 22:16:49.395"/>
</kw>
<status status="PASS" starttime="20220729 22:16:48.094" endtime="20220729 22:16:49.395"/>
</kw>
<kw name="Tentativa de login">
<arg>${EMPTY}</arg>
<arg>${EMPTY}</arg>
<arg>Os campos email e senha não foram preenchidos</arg>
<kw name="Acesso a página Login" library="kws">
<kw name="Go To" library="SeleniumLibrary">
<arg>http://zepalheta-web:3000</arg>
<doc>Navigates the current browser window to the provided ``url``.</doc>
<msg timestamp="20220729 22:16:49.402" level="INFO">Opening url 'http://zepalheta-web:3000'</msg>
<status status="PASS" starttime="20220729 22:16:49.402" endtime="20220729 22:16:50.022"/>
</kw>
<status status="PASS" starttime="20220729 22:16:49.400" endtime="20220729 22:16:50.022"/>
</kw>
<kw name="Submeto minhas credenciais" library="kws">
<arg>${input_email}</arg>
<arg>${input_senha}</arg>
<kw name="Input Text" library="SeleniumLibrary">
<arg>id:txtEmail</arg>
<arg>${email}</arg>
<doc>Types the given ``text`` into the text field identified by ``locator``.</doc>
<msg timestamp="20220729 22:16:50.022" level="INFO">Typing text '' into text field 'id:txtEmail'.</msg>
<status status="PASS" starttime="20220729 22:16:50.022" endtime="20220729 22:16:50.077"/>
</kw>
<kw name="Input Password" library="SeleniumLibrary">
<arg>css:input[placeholder="Senha"]</arg>
<arg>${password}</arg>
<doc>Types the given password into the text field identified by ``locator``.</doc>
<msg timestamp="20220729 22:16:50.077" level="INFO">Typing password into text field 'css:input[placeholder="Senha"]'.</msg>
<msg timestamp="20220729 22:16:50.106" level="INFO">Temporally setting log level to: NONE</msg>
<msg timestamp="20220729 22:16:50.140" level="INFO">Log level changed from NONE to INFO.</msg>
<status status="PASS" starttime="20220729 22:16:50.077" endtime="20220729 22:16:50.140"/>
</kw>
<kw name="Click Element" library="SeleniumLibrary">
<arg>xpath://button[text()='Entrar']</arg>
<doc>Click the element identified by ``locator``.</doc>
<msg timestamp="20220729 22:16:50.140" level="INFO">Clicking element 'xpath://button[text()='Entrar']'.</msg>
<status status="PASS" starttime="20220729 22:16:50.140" endtime="20220729 22:16:50.276"/>
</kw>
<status status="PASS" starttime="20220729 22:16:50.022" endtime="20220729 22:16:50.276"/>
</kw>
<kw name="Devo ver um toaster com a mensagem" library="kws">
<arg>${output_mensagem}</arg>
<kw name="Wait Until Element Contains" library="SeleniumLibrary">
<arg>css:div[type='error'] p</arg>
<arg>${expect_message}</arg>
<doc>Waits until the element ``locator`` contains ``text``.</doc>
<status status="PASS" starttime="20220729 22:16:50.277" endtime="20220729 22:16:50.520"/>
</kw>
<status status="PASS" starttime="20220729 22:16:50.277" endtime="20220729 22:16:50.521"/>
</kw>
<status status="PASS" starttime="20220729 22:16:49.395" endtime="20220729 22:16:50.521"/>
</kw>
<kw name="Finish Session" library="hooks" type="TEARDOWN">
<kw name="Close Browser" library="SeleniumLibrary">
<doc>Closes the current browser.</doc>
<status status="PASS" starttime="20220729 22:16:50.521" endtime="20220729 22:16:52.727"/>
</kw>
<status status="PASS" starttime="20220729 22:16:50.521" endtime="20220729 22:16:52.727"/>
</kw>
<status status="PASS" starttime="20220729 22:16:48.093" endtime="20220729 22:16:52.727"/>
</test>
<test id="s1-s2-t5" name="Login incorreto">
<kw name="Start Session" library="hooks" type="SETUP">
<kw name="Open Browser" library="SeleniumLibrary">
<arg>about:blank</arg>
<arg>chrome</arg>
<doc>Opens a new browser instance to the optional ``url``.</doc>
<msg timestamp="20220729 22:16:52.737" level="INFO">Opening browser 'chrome' to base url 'about:blank'.</msg>
<status status="PASS" starttime="20220729 22:16:52.736" endtime="20220729 22:16:53.937"/>
</kw>
<kw name="Maximize Browser Window" library="SeleniumLibrary">
<doc>Maximizes current browser window.</doc>
<status status="PASS" starttime="20220729 22:16:53.937" endtime="20220729 22:16:54.062"/>
</kw>
<status status="PASS" starttime="20220729 22:16:52.735" endtime="20220729 22:16:54.062"/>
</kw>
<kw name="Tentativa de login">
<arg>admin@gmail.com</arg>
<arg>abc123</arg>
<arg>Ocorreu um erro ao fazer login, cheque as credenciais</arg>
<kw name="Acesso a página Login" library="kws">
<kw name="Go To" library="SeleniumLibrary">
<arg>http://zepalheta-web:3000</arg>
<doc>Navigates the current browser window to the provided ``url``.</doc>
<msg timestamp="20220729 22:16:54.068" level="INFO">Opening url 'http://zepalheta-web:3000'</msg>
<status status="PASS" starttime="20220729 22:16:54.068" endtime="20220729 22:16:54.690"/>
</kw>
<status status="PASS" starttime="20220729 22:16:54.062" endtime="20220729 22:16:54.690"/>
</kw>
<kw name="Submeto minhas credenciais" library="kws">
<arg>${input_email}</arg>
<arg>${input_senha}</arg>
<kw name="Input Text" library="SeleniumLibrary">
<arg>id:txtEmail</arg>
<arg>${email}</arg>
<doc>Types the given ``text`` into the text field identified by ``locator``.</doc>
<msg timestamp="20220729 22:16:54.691" level="INFO">Typing text 'admin@gmail.com' into text field 'id:txtEmail'.</msg>
<status status="PASS" starttime="20220729 22:16:54.691" endtime="20220729 22:16:54.988"/>
</kw>
<kw name="Input Password" library="SeleniumLibrary">
<arg>css:input[placeholder="Senha"]</arg>
<arg>${password}</arg>
<doc>Types the given password into the text field identified by ``locator``.</doc>
<msg timestamp="20220729 22:16:55.004" level="INFO">Typing password into text field 'css:input[placeholder="Senha"]'.</msg>
<msg timestamp="20220729 22:16:55.062" level="INFO">Temporally setting log level to: NONE</msg>
<msg timestamp="20220729 22:16:55.105" level="INFO">Log level changed from NONE to INFO.</msg>
<status status="PASS" starttime="20220729 22:16:55.004" endtime="20220729 22:16:55.105"/>
</kw>
<kw name="Click Element" library="SeleniumLibrary">
<arg>xpath://button[text()='Entrar']</arg>
<doc>Click the element identified by ``locator``.</doc>
<msg timestamp="20220729 22:16:55.105" level="INFO">Clicking element 'xpath://button[text()='Entrar']'.</msg>
<status status="PASS" starttime="20220729 22:16:55.105" endtime="20220729 22:16:55.143"/>
</kw>
<status status="PASS" starttime="20220729 22:16:54.690" endtime="20220729 22:16:55.143"/>
</kw>
<kw name="Devo ver um toaster com a mensagem" library="kws">
<arg>${output_mensagem}</arg>
<kw name="Wait Until Element Contains" library="SeleniumLibrary">
<arg>css:div[type='error'] p</arg>
<arg>${expect_message}</arg>
<doc>Waits until the element ``locator`` contains ``text``.</doc>
<status status="PASS" starttime="20220729 22:16:55.144" endtime="20220729 22:16:55.372"/>
</kw>
<status status="PASS" starttime="20220729 22:16:55.143" endtime="20220729 22:16:55.372"/>
</kw>
<status status="PASS" starttime="20220729 22:16:54.062" endtime="20220729 22:16:55.372"/>
</kw>
<kw name="Finish Session" library="hooks" type="TEARDOWN">
<kw name="Close Browser" library="SeleniumLibrary">
<doc>Closes the current browser.</doc>
<status status="PASS" starttime="20220729 22:16:55.373" endtime="20220729 22:16:57.594"/>
</kw>
<status status="PASS" starttime="20220729 22:16:55.372" endtime="20220729 22:16:57.594"/>
</kw>
<status status="PASS" starttime="20220729 22:16:52.734" endtime="20220729 22:16:57.594"/>
</test>
<doc>Login</doc>
<status status="PASS" starttime="20220729 22:16:33.715" endtime="20220729 22:16:57.599"/>
</suite>
<status status="PASS" starttime="20220729 22:16:28.818" endtime="20220729 22:16:57.604"/>
</suite>
<statistics>
<total>
<stat pass="6" fail="0" skip="0">All Tests</stat>
</total>
<tag>
</tag>
<suite>
<stat pass="6" fail="0" skip="0" id="s1" name="Tests">Tests</stat>
<stat pass="1" fail="0" skip="0" id="s1-s1" name="Login">Tests.Login</stat>
<stat pass="5" fail="0" skip="0" id="s1-s2" name="Login Tentativa">Tests.Login Tentativa</stat>
</suite>
</statistics>
<errors>
</errors>
</robot>
